<?xml version="1.0" encoding="UTF-8"?>
<testsuite name="com.gradle.fizzbuzzpackage.FizzBuzzTest" tests="4" skipped="0" failures="0" errors="0" timestamp="2020-09-17T10:07:36" hostname="emily-minty" time="0.007">
  <properties/>
  <testcase name="testFifteen" classname="com.gradle.fizzbuzzpackage.FizzBuzzTest" time="0.002"/>
  <testcase name="testFive" classname="com.gradle.fizzbuzzpackage.FizzBuzzTest" time="0.0"/>
  <testcase name="testMultiplesOfThree" classname="com.gradle.fizzbuzzpackage.FizzBuzzTest" time="0.0"/>
  <testcase name="FizzBuzzTestNumbers" classname="com.gradle.fizzbuzzpackage.FizzBuzzTest" time="0.003"/>
  <system-out><![CDATA[]]></system-out>
  <system-err><![CDATA[]]></system-err>
</testsuite>
